Base path: D:/Me/Workstations/Unity 3D/Editor/Data
Cmd: initializeCompiler
Cmd: compileComputeKernel
  api=4 insize=1435 outsize=585 ok=1
Cmd: compileComputeKernel
  api=4 insize=3273 outsize=2253 ok=1
Cmd: compileComputeKernel
  api=4 insize=1954 outsize=349 ok=1
Cmd: compileComputeKernel
  api=4 insize=4741 outsize=9129 ok=1
Cmd: compileComputeKernel
  api=4 insize=8981 outsize=8677 ok=1
Cmd: compileComputeKernel
  api=4 insize=1337 outsize=597 ok=1
Cmd: compileComputeKernel
  api=4 insize=1435 outsize=585 ok=1
Cmd: compileComputeKernel
  api=4 insize=3273 outsize=593 ok=1
Cmd: compileComputeKernel
  api=4 insize=1526 outsize=349 ok=1
Unhandled exception: Protocol error - failed to read correct magic number

Quitting shader compiler process
