Base path: D:/Me/Workstations/Unity 3D/Editor/Data
Cmd: initializeCompiler
Cmd: compileComputeKernel
  api=4 insize=3273 outsize=593 ok=1
Cmd: compileComputeKernel
  api=4 insize=1526 outsize=349 ok=1
Cmd: compileComputeKernel
  api=4 insize=4741 outsize=5397 ok=1
Cmd: compileComputeKernel
  api=4 insize=8981 outsize=8765 ok=1
Cmd: compileComputeKernel
  api=4 insize=2575 outsize=353 ok=1
Cmd: compileComputeKernel
  api=4 insize=1707 outsize=553 ok=1
Cmd: compileComputeKernel
  api=4 insize=1386 outsize=585 ok=1
Cmd: compileComputeKernel
  api=4 insize=3182 outsize=2253 ok=1
Cmd: compileComputeKernel
  api=4 insize=1484 outsize=349 ok=1
Unhandled exception: Protocol error - failed to read correct magic number

Quitting shader compiler process
